# JRE version: 7.0_09-b05
# Java VM: Java HotSpot(TM) Server VM (23.5-b02 mixed mode linux-x86 )
Heap
 PSYoungGen      total 592896K, used 507569K [0x88ba0000, 0xb1190000, 0xb3640000)
  eden space 549312K, 86% used [0x88ba0000,0xa5b89c00,0xaa410000)
  from space 43584K, 74% used [0xaa410000,0xac3d2860,0xacea0000)
  to   space 47872K, 0% used [0xae2d0000,0xae2d0000,0xb1190000)
 ParOldGen       total 175360K, used 97212K [0x33640000, 0x3e180000, 0x88ba0000)
  object space 175360K, 55% used [0x33640000,0x3952f148,0x3e180000)
 PSPermGen       total 100480K, used 66377K [0x23640000, 0x29860000, 0x33640000)
  object space 100480K, 66% used [0x23640000,0x27712658,0x29860000)
GC Heap History (10 events):
Event: 196.567 GC heap before
{Heap before GC invocations=24 (full 3):
 PSYoungGen      total 537856K, used 501632K [0x88ba0000, 0xad490000, 0xb3640000)
  eden space 496576K, 100% used [0x88ba0000,0xa7090000,0xa7090000)
  from space 41280K, 12% used [0xaac40000,0xab1301e0,0xad490000)
  to   space 51200K, 0% used [0xa7090000,0xa7090000,0xaa290000)
 ParOldGen       total 175360K, used 97204K [0x33640000, 0x3e180000, 0x88ba0000)
  object space 175360K, 55% used [0x33640000,0x3952d148,0x3e180000)
 PSPermGen       total 100480K, used 65007K [0x23640000, 0x29860000, 0x33640000)
  object space 100480K, 64% used [0x23640000,0x275bbe58,0x29860000)
Event: 196.575 GC heap after
Heap after GC invocations=24 (full 3):
 PSYoungGen      total 547776K, used 5424K [0x88ba0000, 0xaf250000, 0xb3640000)
  eden space 496576K, 0% used [0x88ba0000,0x88ba0000,0xa7090000)
  from space 51200K, 10% used [0xa7090000,0xa75dc260,0xaa290000)
  to   space 48832K, 0% used [0xac2a0000,0xac2a0000,0xaf250000)
 ParOldGen       total 175360K, used 97208K [0x33640000, 0x3e180000, 0x88ba0000)
  object space 175360K, 55% used [0x33640000,0x3952e148,0x3e180000)
 PSPermGen       total 100480K, used 65007K [0x23640000, 0x29860000, 0x33640000)
  object space 100480K, 64% used [0x23640000,0x275bbe58,0x29860000)
}
Event: 208.522 GC heap before
{Heap before GC invocations=25 (full 3):
 PSYoungGen      total 547776K, used 502000K [0x88ba0000, 0xaf250000, 0xb3640000)
  eden space 496576K, 100% used [0x88ba0000,0xa7090000,0xa7090000)
  from space 51200K, 10% used [0xa7090000,0xa75dc260,0xaa290000)
  to   space 48832K, 0% used [0xac2a0000,0xac2a0000,0xaf250000)
 ParOldGen       total 175360K, used 97208K [0x33640000, 0x3e180000, 0x88ba0000)
  object space 175360K, 55% used [0x33640000,0x3952e148,0x3e180000)
 PSPermGen       total 100480K, used 65039K [0x23640000, 0x29860000, 0x33640000)
  object space 100480K, 64% used [0x23640000,0x275c3de8,0x29860000)
Event: 208.528 GC heap after
Heap after GC invocations=25 (full 3):
 PSYoungGen      total 563840K, used 6704K [0x88ba0000, 0xae7a0000, 0xb3640000)
  eden space 525952K, 0% used [0x88ba0000,0x88ba0000,0xa8d40000)
  from space 37888K, 17% used [0xac2a0000,0xac92c2d0,0xae7a0000)
  to   space 46272K, 0% used [0xa8d40000,0xa8d40000,0xaba70000)
 ParOldGen       total 175360K, used 97208K [0x33640000, 0x3e180000, 0x88ba0000)
  object space 175360K, 55% used [0x33640000,0x3952e148,0x3e180000)
 PSPermGen       total 100480K, used 65039K [0x23640000, 0x29860000, 0x33640000)
  object space 100480K, 64% used [0x23640000,0x275c3de8,0x29860000)
}
Event: 220.834 GC heap before
{Heap before GC invocations=26 (full 3):
 PSYoungGen      total 563840K, used 532656K [0x88ba0000, 0xae7a0000, 0xb3640000)
  eden space 525952K, 100% used [0x88ba0000,0xa8d40000,0xa8d40000)
  from space 37888K, 17% used [0xac2a0000,0xac92c2d0,0xae7a0000)
  to   space 46272K, 0% used [0xa8d40000,0xa8d40000,0xaba70000)
 ParOldGen       total 175360K, used 97208K [0x33640000, 0x3e180000, 0x88ba0000)
  object space 175360K, 55% used [0x33640000,0x3952e148,0x3e180000)
 PSPermGen       total 100480K, used 65064K [0x23640000, 0x29860000, 0x33640000)
  object space 100480K, 64% used [0x23640000,0x275ca050,0x29860000)
Event: 220.842 GC heap after
Heap after GC invocations=26 (full 3):
 PSYoungGen      total 572224K, used 7504K [0x88ba0000, 0xafc60000, 0xb3640000)
  eden space 525952K, 0% used [0x88ba0000,0x88ba0000,0xa8d40000)
  from space 46272K, 16% used [0xa8d40000,0xa9494360,0xaba70000)
  to   space 43712K, 0% used [0xad1b0000,0xad1b0000,0xafc60000)
 ParOldGen       total 175360K, used 97208K [0x33640000, 0x3e180000, 0x88ba0000)
  object space 175360K, 55% used [0x33640000,0x3952e148,0x3e180000)
 PSPermGen       total 100480K, used 65064K [0x23640000, 0x29860000, 0x33640000)
  object space 100480K, 64% used [0x23640000,0x275ca050,0x29860000)
}
Event: 240.555 GC heap before
{Heap before GC invocations=27 (full 3):
 PSYoungGen      total 572224K, used 533456K [0x88ba0000, 0xafc60000, 0xb3640000)
  eden space 525952K, 100% used [0x88ba0000,0xa8d40000,0xa8d40000)
  from space 46272K, 16% used [0xa8d40000,0xa9494360,0xaba70000)
  to   space 43712K, 0% used [0xad1b0000,0xad1b0000,0xafc60000)
 ParOldGen       total 175360K, used 97208K [0x33640000, 0x3e180000, 0x88ba0000)
  object space 175360K, 55% used [0x33640000,0x3952e148,0x3e180000)
 PSPermGen       total 100480K, used 66155K [0x23640000, 0x29860000, 0x33640000)
  object space 100480K, 65% used [0x23640000,0x276daff8,0x29860000)
Event: 240.571 GC heap after
Heap after GC invocations=27 (full 3):
 PSYoungGen      total 589760K, used 20024K [0x88ba0000, 0xaf930000, 0xb3640000)
  eden space 549312K, 0% used [0x88ba0000,0x88ba0000,0xaa410000)
  from space 40448K, 49% used [0xad1b0000,0xae53e218,0xaf930000)
  to   space 43584K, 0% used [0xaa410000,0xaa410000,0xacea0000)
 ParOldGen       total 175360K, used 97212K [0x33640000, 0x3e180000, 0x88ba0000)
  object space 175360K, 55% used [0x33640000,0x3952f148,0x3e180000)
 PSPermGen       total 100480K, used 66155K [0x23640000, 0x29860000, 0x33640000)
  object space 100480K, 65% used [0x23640000,0x276daff8,0x29860000)
}
Event: 266.112 GC heap before
{Heap before GC invocations=28 (full 3):
 PSYoungGen      total 589760K, used 569336K [0x88ba0000, 0xaf930000, 0xb3640000)
  eden space 549312K, 100% used [0x88ba0000,0xaa410000,0xaa410000)
  from space 40448K, 49% used [0xad1b0000,0xae53e218,0xaf930000)
  to   space 43584K, 0% used [0xaa410000,0xaa410000,0xacea0000)
 ParOldGen       total 175360K, used 97212K [0x33640000, 0x3e180000, 0x88ba0000)
  object space 175360K, 55% used [0x33640000,0x3952f148,0x3e180000)
 PSPermGen       total 100480K, used 66283K [0x23640000, 0x29860000, 0x33640000)
  object space 100480K, 65% used [0x23640000,0x276faf98,0x29860000)
Event: 266.131 GC heap after
Heap after GC invocations=28 (full 3):
 PSYoungGen      total 592896K, used 32522K [0x88ba0000, 0xb1190000, 0xb3640000)
  eden space 549312K, 0% used [0x88ba0000,0x88ba0000,0xaa410000)
  from space 43584K, 74% used [0xaa410000,0xac3d2860,0xacea0000)
  to   space 47872K, 0% used [0xae2d0000,0xae2d0000,0xb1190000)
 ParOldGen       total 175360K, used 97212K [0x33640000, 0x3e180000, 0x88ba0000)
  object space 175360K, 55% used [0x33640000,0x3952f148,0x3e180000)
 PSPermGen       total 100480K, used 66283K [0x23640000, 0x29860000, 0x33640000)
  object space 100480K, 65% used [0x23640000,0x276faf98,0x29860000)
}

